INFO  Validating config
INFO  Start processing
INFO  
------------------------------------------------
|                                              |
|     ________  __            _        __      |
|    |_   __  |[  |          (_)      |  ]     |
|      | |_ \_| | | __   _   __   .--.| |      |
|      |  _|    | |[  | | | [  |/ /'`\' |      |
|     _| |_     | | | \_/ |, | || \__/  |      |
|    |_____|   [___]'.__.'_/[___]'.__.;__]     |
|                                              |
|       Thank you for using Fluid theme !      |
|    Docs: https://hexo.fluid-dev.com/docs/    |
|                                              |
------------------------------------------------

WARN  [Fluid] It is recommended that you use override configuration: https://hexo.fluid-dev.com/docs/en/guide/#override-configuration
INFO  Hexo is running at http://localhost:80 . Press Ctrl+C to stop.
INFO  
------------------------------------------------
|                                              |
|     ________  __            _        __      |
|    |_   __  |[  |          (_)      |  ]     |
|      | |_ \_| | | __   _   __   .--.| |      |
|      |  _|    | |[  | | | [  |/ /'`\' |      |
|     _| |_     | | | \_/ |, | || \__/  |      |
|    |_____|   [___]'.__.'_/[___]'.__.;__]     |
|                                              |
|       Thank you for using Fluid theme !      |
|    Docs: https://hexo.fluid-dev.com/docs/    |
|                                              |
------------------------------------------------

WARN  [Fluid] It is recommended that you use override configuration: https://hexo.fluid-dev.com/docs/en/guide/#override-configuration
INFO  Validating config
INFO  Start processing
INFO  
------------------------------------------------
|                                              |
|     ________  __            _        __      |
|    |_   __  |[  |          (_)      |  ]     |
|      | |_ \_| | | __   _   __   .--.| |      |
|      |  _|    | |[  | | | [  |/ /'`\' |      |
|     _| |_     | | | \_/ |, | || \__/  |      |
|    |_____|   [___]'.__.'_/[___]'.__.;__]     |
|                                              |
|       Thank you for using Fluid theme !      |
|    Docs: https://hexo.fluid-dev.com/docs/    |
|                                              |
------------------------------------------------

WARN  [Fluid] It is recommended that you use override configuration: https://hexo.fluid-dev.com/docs/en/guide/#override-configuration
INFO  Hexo is running at http://localhost:80 . Press Ctrl+C to stop.
INFO  Validating config
INFO  Start processing
INFO  
------------------------------------------------
|                                              |
|     ________  __            _        __      |
|    |_   __  |[  |          (_)      |  ]     |
|      | |_ \_| | | __   _   __   .--.| |      |
|      |  _|    | |[  | | | [  |/ /'`\' |      |
|     _| |_     | | | \_/ |, | || \__/  |      |
|    |_____|   [___]'.__.'_/[___]'.__.;__]     |
|                                              |
|       Thank you for using Fluid theme !      |
|    Docs: https://hexo.fluid-dev.com/docs/    |
|                                              |
------------------------------------------------

WARN  [Fluid] It is recommended that you use override configuration: https://hexo.fluid-dev.com/docs/en/guide/#override-configuration
INFO  Hexo is running at http://localhost:80 . Press Ctrl+C to stop.
